<?xml version="1.0" encoding="UTF-8"?>
<testng-results ignored="0" total="1" passed="1" failed="0" skipped="0">
  <reporter-output>
  </reporter-output>
  <suite started-at="2024-08-13T11:34:33Z" name="Default suite" finished-at="2024-08-13T11:34:38Z" duration-ms="5022">
    <groups>
    </groups>
    <test started-at="2024-08-13T11:34:33Z" name="Default test" finished-at="2024-08-13T11:34:38Z" duration-ms="5022">
      <class name="com.tests.HomeTest">
        <test-method is-config="true" signature="setup()[pri:0, instance:com.tests.HomeTest@7283d3eb]" started-at="2024-08-13T11:34:23Z" name="setup" finished-at="2024-08-13T11:34:33Z" duration-ms="9903" status="PASS">
          <reporter-output>
          </reporter-output>
        </test-method> <!-- setup -->
        <test-method signature="test01()[pri:0, instance:com.tests.HomeTest@7283d3eb]" started-at="2024-08-13T11:34:33Z" name="test01" finished-at="2024-08-13T11:34:38Z" duration-ms="4972" status="PASS">
          <reporter-output>
          </reporter-output>
        </test-method> <!-- test01 -->
        <test-method is-config="true" signature="teardown()[pri:0, instance:com.tests.HomeTest@7283d3eb]" started-at="2024-08-13T11:34:38Z" name="teardown" finished-at="2024-08-13T11:34:39Z" duration-ms="457" status="PASS">
          <reporter-output>
          </reporter-output>
        </test-method> <!-- teardown -->
      </class> <!-- com.tests.HomeTest -->
    </test> <!-- Default test -->
  </suite> <!-- Default suite -->
</testng-results>
