<?xml version="1.0" encoding="UTF-8"?>
<!-- Generated by org.testng.reporters.JUnitXMLReporter -->
<testsuite ignored="0" hostname="DESKTOP-E04IP3T" failures="1" tests="2" name="Sanity Suite" time="5.434" errors="0" timestamp="2024-08-12T16:40:26 IST">
  <testcase classname="com.tests.LoginTest" name="loginWithInvalidCredentials" time="1.658"/>
  <testcase classname="com.tests.LoginTest" name="validcredentials02" time="2.193">
    <failure type="java.lang.AssertionError" message="expected [My Store] but found [My account]">
      <![CDATA[java.lang.AssertionError: expected [My Store] but found [My account]
at com.tests.LoginTest.validcredentials02(LoginTest.java:34)
at java.base/java.util.ArrayList.forEach(ArrayList.java:1511)
... Removed 33 stack frames]]>
    </failure>
  </testcase> <!-- validcredentials02 -->
</testsuite> <!-- Sanity Suite -->
